<?xml version="1.0" encoding="UTF-8"?>
<testsuite xmlns:xsi="http://www.w3.org/2001/XMLSchema-instance" xsi:noNamespaceSchemaLocation="https://maven.apache.org/surefire/maven-surefire-plugin/xsd/surefire-test-report.xsd" name="com.capitalone.aws.statelang.validator.MyMojoTest" time="0.925" tests="2" errors="0" skipped="0" failures="0">
  <properties>
    <property name="sun.desktop" value="windows"/>
    <property name="awt.toolkit" value="sun.awt.windows.WToolkit"/>
    <property name="java.specification.version" value="11"/>
    <property name="sun.cpu.isalist" value="amd64"/>
    <property name="sun.jnu.encoding" value="Cp1252"/>
    <property name="java.class.path" value="C:\Users\rkayk\gitprojs\awsstatelangvalidator-kk\awsstatelangvalidator\target\test-classes;C:\Users\rkayk\gitprojs\awsstatelangvalidator-kk\awsstatelangvalidator\target\classes;C:\Users\rkayk\.m2\repository\org\apache\maven\maven-plugin-api\3.3.9\maven-plugin-api-3.3.9.jar;C:\Users\rkayk\.m2\repository\org\apache\maven\maven-model\3.3.9\maven-model-3.3.9.jar;C:\Users\rkayk\.m2\repository\org\eclipse\sisu\org.eclipse.sisu.plexus\0.3.2\org.eclipse.sisu.plexus-0.3.2.jar;C:\Users\rkayk\.m2\repository\javax\enterprise\cdi-api\1.0\cdi-api-1.0.jar;C:\Users\rkayk\.m2\repository\javax\annotation\jsr250-api\1.0\jsr250-api-1.0.jar;C:\Users\rkayk\.m2\repository\org\eclipse\sisu\org.eclipse.sisu.inject\0.3.2\org.eclipse.sisu.inject-0.3.2.jar;C:\Users\rkayk\.m2\repository\com\github\everit-org\json-schema\org.everit.json.schema\1.12.1\org.everit.json.schema-1.12.1.jar;C:\Users\rkayk\.m2\repository\commons-validator\commons-validator\1.6\commons-validator-1.6.jar;C:\Users\rkayk\.m2\repository\commons-digester\commons-digester\1.8.1\commons-digester-1.8.1.jar;C:\Users\rkayk\.m2\repository\commons-logging\commons-logging\1.2\commons-logging-1.2.jar;C:\Users\rkayk\.m2\repository\commons-collections\commons-collections\3.2.2\commons-collections-3.2.2.jar;C:\Users\rkayk\.m2\repository\com\damnhandy\handy-uri-templates\2.1.8\handy-uri-templates-2.1.8.jar;C:\Users\rkayk\.m2\repository\joda-time\joda-time\2.10.2\joda-time-2.10.2.jar;C:\Users\rkayk\.m2\repository\com\google\re2j\re2j\1.3\re2j-1.3.jar;C:\Users\rkayk\.m2\repository\org\json\json\20180813\json-20180813.jar;C:\Users\rkayk\.m2\repository\org\apache\maven\maven-core\3.3.9\maven-core-3.3.9.jar;C:\Users\rkayk\.m2\repository\org\apache\maven\maven-settings\3.3.9\maven-settings-3.3.9.jar;C:\Users\rkayk\.m2\repository\org\apache\maven\maven-settings-builder\3.3.9\maven-settings-builder-3.3.9.jar;C:\Users\rkayk\.m2\repository\org\apache\maven\maven-builder-support\3.3.9\maven-builder-support-3.3.9.jar;C:\Users\rkayk\.m2\repository\org\apache\maven\maven-repository-metadata\3.3.9\maven-repository-metadata-3.3.9.jar;C:\Users\rkayk\.m2\repository\org\apache\maven\maven-model-builder\3.3.9\maven-model-builder-3.3.9.jar;C:\Users\rkayk\.m2\repository\com\google\guava\guava\18.0\guava-18.0.jar;C:\Users\rkayk\.m2\repository\org\apache\maven\maven-aether-provider\3.3.9\maven-aether-provider-3.3.9.jar;C:\Users\rkayk\.m2\repository\org\eclipse\aether\aether-spi\1.0.2.v20150114\aether-spi-1.0.2.v20150114.jar;C:\Users\rkayk\.m2\repository\org\eclipse\aether\aether-impl\1.0.2.v20150114\aether-impl-1.0.2.v20150114.jar;C:\Users\rkayk\.m2\repository\org\eclipse\aether\aether-api\1.0.2.v20150114\aether-api-1.0.2.v20150114.jar;C:\Users\rkayk\.m2\repository\org\eclipse\aether\aether-util\1.0.2.v20150114\aether-util-1.0.2.v20150114.jar;C:\Users\rkayk\.m2\repository\com\google\inject\guice\4.0\guice-4.0-no_aop.jar;C:\Users\rkayk\.m2\repository\javax\inject\javax.inject\1\javax.inject-1.jar;C:\Users\rkayk\.m2\repository\aopalliance\aopalliance\1.0\aopalliance-1.0.jar;C:\Users\rkayk\.m2\repository\org\codehaus\plexus\plexus-interpolation\1.21\plexus-interpolation-1.21.jar;C:\Users\rkayk\.m2\repository\org\codehaus\plexus\plexus-utils\3.0.22\plexus-utils-3.0.22.jar;C:\Users\rkayk\.m2\repository\org\codehaus\plexus\plexus-classworlds\2.5.2\plexus-classworlds-2.5.2.jar;C:\Users\rkayk\.m2\repository\org\codehaus\plexus\plexus-component-annotations\1.6\plexus-component-annotations-1.6.jar;C:\Users\rkayk\.m2\repository\org\sonatype\plexus\plexus-sec-dispatcher\1.3\plexus-sec-dispatcher-1.3.jar;C:\Users\rkayk\.m2\repository\org\sonatype\plexus\plexus-cipher\1.4\plexus-cipher-1.4.jar;C:\Users\rkayk\.m2\repository\org\apache\commons\commons-lang3\3.4\commons-lang3-3.4.jar;C:\Users\rkayk\.m2\repository\org\apache\maven\maven-artifact\3.3.9\maven-artifact-3.3.9.jar;C:\Users\rkayk\.m2\repository\org\apache\maven\maven-compat\3.3.9\maven-compat-3.3.9.jar;C:\Users\rkayk\.m2\repository\org\apache\maven\wagon\wagon-provider-api\2.10\wagon-provider-api-2.10.jar;C:\Users\rkayk\.m2\repository\org\apache\maven\plugin-tools\maven-plugin-annotations\3.6.0\maven-plugin-annotations-3.6.0.jar;C:\Users\rkayk\.m2\repository\junit\junit\4.12\junit-4.12.jar;C:\Users\rkayk\.m2\repository\org\hamcrest\hamcrest-core\1.3\hamcrest-core-1.3.jar;C:\Users\rkayk\.m2\repository\org\apache\maven\plugin-testing\maven-plugin-testing-harness\3.3.0\maven-plugin-testing-harness-3.3.0.jar;C:\Users\rkayk\.m2\repository\commons-io\commons-io\2.2\commons-io-2.2.jar;C:\Users\rkayk\.m2\repository\org\codehaus\plexus\plexus-archiver\2.2\plexus-archiver-2.2.jar;C:\Users\rkayk\.m2\repository\org\codehaus\plexus\plexus-container-default\1.0-alpha-9-stable-1\plexus-container-default-1.0-alpha-9-stable-1.jar;C:\Users\rkayk\.m2\repository\classworlds\classworlds\1.1-alpha-2\classworlds-1.1-alpha-2.jar;C:\Users\rkayk\.m2\repository\org\codehaus\plexus\plexus-io\2.0.4\plexus-io-2.0.4.jar;"/>
    <property name="java.vm.vendor" value="Amazon.com Inc."/>
    <property name="sun.arch.data.model" value="64"/>
    <property name="user.variant" value=""/>
    <property name="java.vendor.url" value="https://aws.amazon.com/corretto/"/>
    <property name="user.timezone" value="America/New_York"/>
    <property name="java.vm.specification.version" value="11"/>
    <property name="os.name" value="Windows 10"/>
    <property name="sun.java.launcher" value="SUN_STANDARD"/>
    <property name="user.country" value="US"/>
    <property name="sun.boot.library.path" value="C:\coretto11\jdk11.0.5_10\bin"/>
    <property name="sun.java.command" value="C:\Users\rkayk\AppData\Local\Temp\surefire6665214854905647704\surefirebooter17457802168484907562.jar C:\Users\rkayk\AppData\Local\Temp\surefire6665214854905647704 2020-02-28T01-13-52_490-jvmRun1 surefire1674549493497338294tmp surefire_015874480547648813431tmp"/>
    <property name="jdk.debug" value="release"/>
    <property name="surefire.test.class.path" value="C:\Users\rkayk\gitprojs\awsstatelangvalidator-kk\awsstatelangvalidator\target\test-classes;C:\Users\rkayk\gitprojs\awsstatelangvalidator-kk\awsstatelangvalidator\target\classes;C:\Users\rkayk\.m2\repository\org\apache\maven\maven-plugin-api\3.3.9\maven-plugin-api-3.3.9.jar;C:\Users\rkayk\.m2\repository\org\apache\maven\maven-model\3.3.9\maven-model-3.3.9.jar;C:\Users\rkayk\.m2\repository\org\eclipse\sisu\org.eclipse.sisu.plexus\0.3.2\org.eclipse.sisu.plexus-0.3.2.jar;C:\Users\rkayk\.m2\repository\javax\enterprise\cdi-api\1.0\cdi-api-1.0.jar;C:\Users\rkayk\.m2\repository\javax\annotation\jsr250-api\1.0\jsr250-api-1.0.jar;C:\Users\rkayk\.m2\repository\org\eclipse\sisu\org.eclipse.sisu.inject\0.3.2\org.eclipse.sisu.inject-0.3.2.jar;C:\Users\rkayk\.m2\repository\com\github\everit-org\json-schema\org.everit.json.schema\1.12.1\org.everit.json.schema-1.12.1.jar;C:\Users\rkayk\.m2\repository\commons-validator\commons-validator\1.6\commons-validator-1.6.jar;C:\Users\rkayk\.m2\repository\commons-digester\commons-digester\1.8.1\commons-digester-1.8.1.jar;C:\Users\rkayk\.m2\repository\commons-logging\commons-logging\1.2\commons-logging-1.2.jar;C:\Users\rkayk\.m2\repository\commons-collections\commons-collections\3.2.2\commons-collections-3.2.2.jar;C:\Users\rkayk\.m2\repository\com\damnhandy\handy-uri-templates\2.1.8\handy-uri-templates-2.1.8.jar;C:\Users\rkayk\.m2\repository\joda-time\joda-time\2.10.2\joda-time-2.10.2.jar;C:\Users\rkayk\.m2\repository\com\google\re2j\re2j\1.3\re2j-1.3.jar;C:\Users\rkayk\.m2\repository\org\json\json\20180813\json-20180813.jar;C:\Users\rkayk\.m2\repository\org\apache\maven\maven-core\3.3.9\maven-core-3.3.9.jar;C:\Users\rkayk\.m2\repository\org\apache\maven\maven-settings\3.3.9\maven-settings-3.3.9.jar;C:\Users\rkayk\.m2\repository\org\apache\maven\maven-settings-builder\3.3.9\maven-settings-builder-3.3.9.jar;C:\Users\rkayk\.m2\repository\org\apache\maven\maven-builder-support\3.3.9\maven-builder-support-3.3.9.jar;C:\Users\rkayk\.m2\repository\org\apache\maven\maven-repository-metadata\3.3.9\maven-repository-metadata-3.3.9.jar;C:\Users\rkayk\.m2\repository\org\apache\maven\maven-model-builder\3.3.9\maven-model-builder-3.3.9.jar;C:\Users\rkayk\.m2\repository\com\google\guava\guava\18.0\guava-18.0.jar;C:\Users\rkayk\.m2\repository\org\apache\maven\maven-aether-provider\3.3.9\maven-aether-provider-3.3.9.jar;C:\Users\rkayk\.m2\repository\org\eclipse\aether\aether-spi\1.0.2.v20150114\aether-spi-1.0.2.v20150114.jar;C:\Users\rkayk\.m2\repository\org\eclipse\aether\aether-impl\1.0.2.v20150114\aether-impl-1.0.2.v20150114.jar;C:\Users\rkayk\.m2\repository\org\eclipse\aether\aether-api\1.0.2.v20150114\aether-api-1.0.2.v20150114.jar;C:\Users\rkayk\.m2\repository\org\eclipse\aether\aether-util\1.0.2.v20150114\aether-util-1.0.2.v20150114.jar;C:\Users\rkayk\.m2\repository\com\google\inject\guice\4.0\guice-4.0-no_aop.jar;C:\Users\rkayk\.m2\repository\javax\inject\javax.inject\1\javax.inject-1.jar;C:\Users\rkayk\.m2\repository\aopalliance\aopalliance\1.0\aopalliance-1.0.jar;C:\Users\rkayk\.m2\repository\org\codehaus\plexus\plexus-interpolation\1.21\plexus-interpolation-1.21.jar;C:\Users\rkayk\.m2\repository\org\codehaus\plexus\plexus-utils\3.0.22\plexus-utils-3.0.22.jar;C:\Users\rkayk\.m2\repository\org\codehaus\plexus\plexus-classworlds\2.5.2\plexus-classworlds-2.5.2.jar;C:\Users\rkayk\.m2\repository\org\codehaus\plexus\plexus-component-annotations\1.6\plexus-component-annotations-1.6.jar;C:\Users\rkayk\.m2\repository\org\sonatype\plexus\plexus-sec-dispatcher\1.3\plexus-sec-dispatcher-1.3.jar;C:\Users\rkayk\.m2\repository\org\sonatype\plexus\plexus-cipher\1.4\plexus-cipher-1.4.jar;C:\Users\rkayk\.m2\repository\org\apache\commons\commons-lang3\3.4\commons-lang3-3.4.jar;C:\Users\rkayk\.m2\repository\org\apache\maven\maven-artifact\3.3.9\maven-artifact-3.3.9.jar;C:\Users\rkayk\.m2\repository\org\apache\maven\maven-compat\3.3.9\maven-compat-3.3.9.jar;C:\Users\rkayk\.m2\repository\org\apache\maven\wagon\wagon-provider-api\2.10\wagon-provider-api-2.10.jar;C:\Users\rkayk\.m2\repository\org\apache\maven\plugin-tools\maven-plugin-annotations\3.6.0\maven-plugin-annotations-3.6.0.jar;C:\Users\rkayk\.m2\repository\junit\junit\4.12\junit-4.12.jar;C:\Users\rkayk\.m2\repository\org\hamcrest\hamcrest-core\1.3\hamcrest-core-1.3.jar;C:\Users\rkayk\.m2\repository\org\apache\maven\plugin-testing\maven-plugin-testing-harness\3.3.0\maven-plugin-testing-harness-3.3.0.jar;C:\Users\rkayk\.m2\repository\commons-io\commons-io\2.2\commons-io-2.2.jar;C:\Users\rkayk\.m2\repository\org\codehaus\plexus\plexus-archiver\2.2\plexus-archiver-2.2.jar;C:\Users\rkayk\.m2\repository\org\codehaus\plexus\plexus-container-default\1.0-alpha-9-stable-1\plexus-container-default-1.0-alpha-9-stable-1.jar;C:\Users\rkayk\.m2\repository\classworlds\classworlds\1.1-alpha-2\classworlds-1.1-alpha-2.jar;C:\Users\rkayk\.m2\repository\org\codehaus\plexus\plexus-io\2.0.4\plexus-io-2.0.4.jar;"/>
    <property name="sun.cpu.endian" value="little"/>
    <property name="user.home" value="C:\Users\rkayk"/>
    <property name="user.language" value="en"/>
    <property name="java.specification.vendor" value="Oracle Corporation"/>
    <property name="java.version.date" value="2019-10-15"/>
    <property name="java.home" value="C:\coretto11\jdk11.0.5_10"/>
    <property name="file.separator" value="\"/>
    <property name="basedir" value="C:\Users\rkayk\gitprojs\awsstatelangvalidator-kk\awsstatelangvalidator"/>
    <property name="java.vm.compressedOopsMode" value="Zero based"/>
    <property name="line.separator" value="&#10;"/>
    <property name="java.specification.name" value="Java Platform API Specification"/>
    <property name="java.vm.specification.vendor" value="Oracle Corporation"/>
    <property name="java.awt.graphicsenv" value="sun.awt.Win32GraphicsEnvironment"/>
    <property name="surefire.real.class.path" value="C:\Users\rkayk\AppData\Local\Temp\surefire6665214854905647704\surefirebooter17457802168484907562.jar"/>
    <property name="user.script" value=""/>
    <property name="sun.management.compiler" value="HotSpot 64-Bit Tiered Compilers"/>
    <property name="java.runtime.version" value="11.0.5+10-LTS"/>
    <property name="user.name" value="rkayk"/>
    <property name="path.separator" value=";"/>
    <property name="os.version" value="10.0"/>
    <property name="java.runtime.name" value="OpenJDK Runtime Environment"/>
    <property name="file.encoding" value="Cp1252"/>
    <property name="java.vm.name" value="OpenJDK 64-Bit Server VM"/>
    <property name="java.vendor.version" value="Corretto-11.0.5.10.1"/>
    <property name="localRepository" value="C:\Users\rkayk\.m2\repository"/>
    <property name="java.vendor.url.bug" value="https://github.com/corretto/corretto-11/issues/"/>
    <property name="java.io.tmpdir" value="C:\Users\rkayk\AppData\Local\Temp\"/>
    <property name="java.version" value="11.0.5"/>
    <property name="user.dir" value="C:\Users\rkayk\gitprojs\awsstatelangvalidator-kk\awsstatelangvalidator"/>
    <property name="os.arch" value="amd64"/>
    <property name="java.vm.specification.name" value="Java Virtual Machine Specification"/>
    <property name="java.awt.printerjob" value="sun.awt.windows.WPrinterJob"/>
    <property name="sun.os.patch.level" value=""/>
    <property name="java.library.path" value="C:\coretto11\jdk11.0.5_10\bin;C:\WINDOWS\Sun\Java\bin;C:\WINDOWS\system32;C:\WINDOWS;C:\coretto11\jdk11.0.5_10\bin;C:\Program Files (x86)\Common Files\Oracle\Java\javapath;C:\Program Files (x86)\Intel\Intel(R) Management Engine Components\iCLS\;C:\Program Files\Intel\Intel(R) Management Engine Components\iCLS\;C:\WINDOWS\system32;C:\WINDOWS;C:\WINDOWS\System32\Wbem;C:\WINDOWS\System32\WindowsPowerShell\v1.0\;C:\WINDOWS\System32\OpenSSH\;C:\Program Files (x86)\Intel\Intel(R) Management Engine Components\DAL;C:\Program Files\Intel\Intel(R) Management Engine Components\DAL;C:\java1.8\bin;c:\java13\bin;C:\Program Files\Calibre2\;C:\Go\bin;C:\Git\cmd;C:\VSCode\bin;C:\cygwin64\bin;C:\apache-maven-3.6.3-bin\apache-maven-3.6.3\bin;&quot;C:\Users\rkayk\AppData\Local\Microsoft\WindowsApps;c:\java13\bin&quot;;C:\java1.8\bin;c:\java13\bin;C:\Users\rkayk\go\bin;C:\Users\rkayk\AppData\Local\Microsoft\WindowsApps;;."/>
    <property name="java.vendor" value="Amazon.com Inc."/>
    <property name="java.vm.info" value="mixed mode"/>
    <property name="java.vm.version" value="11.0.5+10-LTS"/>
    <property name="sun.io.unicode.encoding" value="UnicodeLittle"/>
    <property name="java.class.version" value="55.0"/>
  </properties>
  <testcase name="testSomething" classname="com.capitalone.aws.statelang.validator.MyMojoTest" time="0.855"/>
  <testcase name="testSomethingWhichDoesNotNeedTheMojoAndProbablyShouldBeExtractedIntoANewClassOfItsOwn" classname="com.capitalone.aws.statelang.validator.MyMojoTest" time="0"/>
</testsuite>